[0.023s] Invoking command in '/home/aa274/autonomy_ws/src/section6/build/s2_basic': CMAKE_PREFIX_PATH=${CMAKE_PREFIX_PATH}:/opt/ros/humble /usr/bin/cmake /home/aa274/autonomy_ws/src/section6/s2_basic -DAMENT_CMAKE_SYMLINK_INSTALL=1 -DCMAKE_INSTALL_PREFIX=/home/aa274/autonomy_ws/src/section6/install/s2_basic
[0.217s] -- The C compiler identification is GNU 11.4.0
[0.370s] -- The CXX compiler identification is GNU 11.4.0
[0.386s] -- Detecting C compiler ABI info
[0.560s] -- Detecting C compiler ABI info - done
[0.582s] -- Check for working C compiler: /usr/bin/cc - skipped
[0.587s] -- Detecting C compile features
[0.589s] -- Detecting C compile features - done
[0.594s] -- Detecting CXX compiler ABI info
[0.778s] -- Detecting CXX compiler ABI info - done
[0.804s] -- Check for working CXX compiler: /usr/bin/c++ - skipped
[0.805s] -- Detecting CXX compile features
[0.806s] -- Detecting CXX compile features - done
[0.824s] -- Found ament_cmake: 1.3.10 (/opt/ros/humble/share/ament_cmake/cmake)
[1.311s] -- Found Python3: /usr/bin/python3 (found version "3.10.12") found components: Interpreter 
[1.508s] -- Override CMake install command with custom implementation using symlinks instead of copying resources
[1.614s] -- Found ament_lint_auto: 0.12.11 (/opt/ros/humble/share/ament_lint_auto/cmake)
[1.853s] -- Added test 'flake8' to check Python code syntax and style conventions
[1.855s] -- Added test 'lint_cmake' to check CMake code style
[1.857s] -- Added test 'pep257' to check Python code against some of the docstring style conventions in PEP 257
[1.862s] -- Added test 'xmllint' to check XML markup files
[1.866s] -- Configuring done
[1.871s] -- Generating done
[1.872s] -- Build files have been written to: /home/aa274/autonomy_ws/src/section6/build/s2_basic
[1.879s] Invoked command in '/home/aa274/autonomy_ws/src/section6/build/s2_basic' returned '0': CMAKE_PREFIX_PATH=${CMAKE_PREFIX_PATH}:/opt/ros/humble /usr/bin/cmake /home/aa274/autonomy_ws/src/section6/s2_basic -DAMENT_CMAKE_SYMLINK_INSTALL=1 -DCMAKE_INSTALL_PREFIX=/home/aa274/autonomy_ws/src/section6/install/s2_basic
[1.887s] Invoking command in '/home/aa274/autonomy_ws/src/section6/build/s2_basic': CMAKE_PREFIX_PATH=${CMAKE_PREFIX_PATH}:/opt/ros/humble /usr/bin/cmake --build /home/aa274/autonomy_ws/src/section6/build/s2_basic -- -j8 -l8
[1.972s] Invoked command in '/home/aa274/autonomy_ws/src/section6/build/s2_basic' returned '0': CMAKE_PREFIX_PATH=${CMAKE_PREFIX_PATH}:/opt/ros/humble /usr/bin/cmake --build /home/aa274/autonomy_ws/src/section6/build/s2_basic -- -j8 -l8
[2.043s] Invoking command in '/home/aa274/autonomy_ws/src/section6/build/s2_basic': CMAKE_PREFIX_PATH=${CMAKE_PREFIX_PATH}:/opt/ros/humble /usr/bin/cmake --install /home/aa274/autonomy_ws/src/section6/build/s2_basic
[2.062s] -- Install configuration: ""
[2.063s] -- Execute custom install script
[2.064s] -- Symlinking: /home/aa274/autonomy_ws/src/section6/install/s2_basic/lib/s2_basic/constant_control.py
[2.087s] -- Symlinking: /home/aa274/autonomy_ws/src/section6/install/s2_basic/share/ament_index/resource_index/package_run_dependencies/s2_basic
[2.107s] -- Symlinking: /home/aa274/autonomy_ws/src/section6/install/s2_basic/share/ament_index/resource_index/parent_prefix_path/s2_basic
[2.129s] -- Symlinking: /home/aa274/autonomy_ws/src/section6/install/s2_basic/share/s2_basic/environment/ament_prefix_path.sh
[2.157s] -- Symlinking: /home/aa274/autonomy_ws/src/section6/install/s2_basic/share/s2_basic/environment/ament_prefix_path.dsv
[2.188s] -- Symlinking: /home/aa274/autonomy_ws/src/section6/install/s2_basic/share/s2_basic/environment/path.sh
[2.219s] -- Symlinking: /home/aa274/autonomy_ws/src/section6/install/s2_basic/share/s2_basic/environment/path.dsv
[2.250s] -- Symlinking: /home/aa274/autonomy_ws/src/section6/install/s2_basic/share/s2_basic/local_setup.bash
[2.278s] -- Symlinking: /home/aa274/autonomy_ws/src/section6/install/s2_basic/share/s2_basic/local_setup.sh
[2.301s] -- Symlinking: /home/aa274/autonomy_ws/src/section6/install/s2_basic/share/s2_basic/local_setup.zsh
[2.321s] -- Symlinking: /home/aa274/autonomy_ws/src/section6/install/s2_basic/share/s2_basic/local_setup.dsv
[2.343s] -- Symlinking: /home/aa274/autonomy_ws/src/section6/install/s2_basic/share/s2_basic/package.dsv
[2.364s] -- Symlinking: /home/aa274/autonomy_ws/src/section6/install/s2_basic/share/ament_index/resource_index/packages/s2_basic
[2.391s] -- Symlinking: /home/aa274/autonomy_ws/src/section6/install/s2_basic/share/s2_basic/cmake/s2_basicConfig.cmake
[2.411s] -- Symlinking: /home/aa274/autonomy_ws/src/section6/install/s2_basic/share/s2_basic/cmake/s2_basicConfig-version.cmake
[2.431s] -- Symlinking: /home/aa274/autonomy_ws/src/section6/install/s2_basic/share/s2_basic/package.xml
[2.449s] Invoked command in '/home/aa274/autonomy_ws/src/section6/build/s2_basic' returned '0': CMAKE_PREFIX_PATH=${CMAKE_PREFIX_PATH}:/opt/ros/humble /usr/bin/cmake --install /home/aa274/autonomy_ws/src/section6/build/s2_basic
